mode: set
github.com/p3rfect05/testing_go_practice/main.go:16.14,18.2 0 0
github.com/p3rfect05/testing_go_practice/main.go:24.40,26.2 1 1
github.com/p3rfect05/testing_go_practice/main.go:28.44,29.14 1 1
github.com/p3rfect05/testing_go_practice/main.go:29.14,31.3 1 1
github.com/p3rfect05/testing_go_practice/main.go:32.2,32.12 1 1
github.com/p3rfect05/testing_go_practice/main.go:36.41,38.28 2 1
github.com/p3rfect05/testing_go_practice/main.go:38.28,40.3 1 1
github.com/p3rfect05/testing_go_practice/main.go:41.2,41.12 1 1
github.com/p3rfect05/testing_go_practice/main.go:53.34,54.23 1 1
github.com/p3rfect05/testing_go_practice/main.go:54.23,56.3 1 1
github.com/p3rfect05/testing_go_practice/main.go:57.2,57.12 1 1
github.com/p3rfect05/testing_go_practice/main.go:61.58,64.52 2 1
github.com/p3rfect05/testing_go_practice/main.go:64.52,66.17 2 1
github.com/p3rfect05/testing_go_practice/main.go:66.17,70.4 3 1
github.com/p3rfect05/testing_go_practice/main.go:71.3,71.48 1 1
github.com/p3rfect05/testing_go_practice/main.go:71.48,75.4 3 1
github.com/p3rfect05/testing_go_practice/main.go:76.3,77.37 2 1
github.com/p3rfect05/testing_go_practice/main.go:79.8,82.3 2 1
github.com/p3rfect05/testing_go_practice/main.go:91.37,93.57 2 1
github.com/p3rfect05/testing_go_practice/main.go:93.57,96.3 1 1
github.com/p3rfect05/testing_go_practice/main.go:97.2,97.14 1 1
github.com/p3rfect05/testing_go_practice/main.go:101.55,103.29 2 1
github.com/p3rfect05/testing_go_practice/main.go:103.29,105.3 1 1
github.com/p3rfect05/testing_go_practice/main.go:106.2,107.11 2 1
github.com/p3rfect05/testing_go_practice/main.go:110.51,114.12 4 1
github.com/p3rfect05/testing_go_practice/main.go:114.12,116.28 1 1
github.com/p3rfect05/testing_go_practice/main.go:116.28,117.23 1 1
github.com/p3rfect05/testing_go_practice/main.go:117.23,118.25 1 1
github.com/p3rfect05/testing_go_practice/main.go:118.25,120.6 1 1
github.com/p3rfect05/testing_go_practice/main.go:121.5,121.14 1 1
github.com/p3rfect05/testing_go_practice/main.go:124.3,125.20 2 1
github.com/p3rfect05/testing_go_practice/main.go:128.2,128.19 1 1
github.com/p3rfect05/testing_go_practice/main.go:132.31,133.46 1 1
github.com/p3rfect05/testing_go_practice/main.go:133.46,135.3 1 1
github.com/p3rfect05/testing_go_practice/main.go:136.2,136.12 1 0
github.com/p3rfect05/testing_go_practice/main.go:148.69,151.2 1 0
github.com/p3rfect05/testing_go_practice/main.go:153.54,156.2 1 1
github.com/p3rfect05/testing_go_practice/main.go:163.62,167.2 2 1
github.com/p3rfect05/testing_go_practice/main.go:179.63,183.64 4 1
github.com/p3rfect05/testing_go_practice/main.go:183.64,189.3 4 1
github.com/p3rfect05/testing_go_practice/main.go:190.2,190.59 1 1
github.com/p3rfect05/testing_go_practice/main.go:190.59,194.3 3 1
github.com/p3rfect05/testing_go_practice/main.go:194.8,198.3 3 1
